<?xml version="1.0" encoding="UTF-8"?>
<testsuite xmlns:xsi="http://www.w3.org/2001/XMLSchema-instance" xsi:noNamespaceSchemaLocation="https://maven.apache.org/surefire/maven-surefire-plugin/xsd/surefire-test-report.xsd" name="AppiumProject.Selenium.AppTest" time="1.639" tests="5" errors="0" skipped="4" failures="1">
  <properties>
[...]
</properties>
  <testcase name="setUp" classname="AppiumProject.Selenium.AppTest" time="1.359">
    <failure message="Connection refused&#10;Build info: version: &apos;3.141.0&apos;, revision: &apos;2ecb7d9a&apos;, time: &apos;2018-10-31T20:09:30&apos;&#10;System info: host: &apos;Prakhars-MacBook-Air.local&apos;, ip: &apos;2406:3003:2004:28ef:c5e1:b52c:1886:9fae%en0&apos;, os.name: &apos;Mac OS X&apos;, os.arch: &apos;x86_64&apos;, os.version: &apos;12.3&apos;, java.version: &apos;17.0.3&apos;&#10;Driver info: driver.version: AndroidDriver" type="org.openqa.selenium.WebDriverException">org.openqa.selenium.WebDriverException: 
Connection refused
Build info: version: '3.141.0', revision: '2ecb7d9a', time: '2018-10-31T20:09:30'
System info: host: 'Prakhars-MacBook-Air.local', ip: '2406:3003:2004:28ef:c5e1:b52c:1886:9fae%en0', os.name: 'Mac OS X', os.arch: 'x86_64', os.version: '12.3', java.version: '17.0.3'
Driver info: driver.version: AndroidDriver
	at AppiumProject.Selenium.AppTest.setUp(AppTest.java:37)
Caused by: java.net.ConnectException: Connection refused
	at AppiumProject.Selenium.AppTest.setUp(AppTest.java:37)
</failure>
  </testcase>
  <testcase name="setUp" classname="AppiumProject.Selenium.AppTest" time="0">
    <skipped/>
  </testcase>
  <testcase name="test" classname="AppiumProject.Selenium.AppTest" time="0">
    <skipped message="Connection refused&#10;Build info: version: &apos;3.141.0&apos;, revision: &apos;2ecb7d9a&apos;, time: &apos;2018-10-31T20:09:30&apos;&#10;System info: host: &apos;Prakhars-MacBook-Air.local&apos;, ip: &apos;2406:3003:2004:28ef:c5e1:b52c:1886:9fae%en0&apos;, os.name: &apos;Mac OS X&apos;, os.arch: &apos;x86_64&apos;, os.version: &apos;12.3&apos;, java.version: &apos;17.0.3&apos;&#10;Driver info: driver.version: AndroidDriver"/>
  </testcase>
  <testcase name="tearDown" classname="AppiumProject.Selenium.AppTest" time="0">
    <skipped/>
  </testcase>
  <testcase name="tearDown" classname="AppiumProject.Selenium.AppTest" time="0">
    <skipped/>
  </testcase>
</testsuite>